#
# There is insufficient memory for the Java Runtime Environment to continue.
# Native memory allocation (malloc) failed to allocate 1048576 bytes for AllocateHeap
# Possible reasons:
#   The system is out of physical RAM or swap space
#   In 32 bit mode, the process size limit was hit
# Possible solutions:
#   Reduce memory load on the system
#   Increase physical memory or swap space
#   Check if swap backing store is full
#   Use 64 bit Java on a 64 bit OS
#   Decrease Java heap size (-Xmx/-Xms)
#   Decrease number of Java threads
#   Decrease Java thread stack sizes (-Xss)
#   Set larger code cache with -XX:ReservedCodeCacheSize=
# This output file may be truncated or incomplete.
#
#  Out of Memory Error (memory/allocation.inline.hpp:61), pid=14204, tid=6492
#
# JRE version:  (8.0_40-b26) (build )
# Java VM: Java HotSpot(TM) 64-Bit Server VM (25.40-b25 mixed mode windows-amd64 compressed oops)
# Failed to write core dump. Minidumps are not enabled by default on client versions of Windows
#

---------------  T H R E A D  ---------------

Current thread (0x00000000031de000):  JavaThread "Unknown thread" [_thread_in_vm, id=6492, stack(0x00000000030b0000,0x00000000031b0000)]

Stack: [0x00000000030b0000,0x00000000031b0000]
Native frames: (J=compiled Java code, j=interpreted, Vv=VM code, C=native code)
V  [jvm.dll+0x32b47a]
V  [jvm.dll+0x2797f3]
V  [jvm.dll+0x27a489]
V  [jvm.dll+0x2717a5]
V  [jvm.dll+0x1606]
V  [jvm.dll+0x3f7cf2]
V  [jvm.dll+0x3f868f]
V  [jvm.dll+0x3f875d]
V  [jvm.dll+0x3f8926]
V  [jvm.dll+0xf2c12]
V  [jvm.dll+0x20f139]
V  [jvm.dll+0x240d9a]
V  [jvm.dll+0x15b941]
C  [java.exe+0x216e]
C  [java.exe+0xcce7]
C  [java.exe+0xcd7b]
C  [KERNEL32.DLL+0x17e94]
C  [ntdll.dll+0x6a251]


---------------  P R O C E S S  ---------------

Java Threads: ( => current thread )

Other Threads:

=>0x00000000031de000 (exited) JavaThread "Unknown thread" [_thread_in_vm, id=6492, stack(0x00000000030b0000,0x00000000031b0000)]

VM state:not at safepoint (normal execution)

VM Mutex/Monitor currently owned by a thread: None

Heap:
 PSYoungGen      total 37888K, used 655K [0x00000000d6100000, 0x00000000d8b00000, 0x0000000100000000)
  eden space 32768K, 2% used [0x00000000d6100000,0x00000000d61a3d80,0x00000000d8100000)
  from space 5120K, 0% used [0x00000000d8600000,0x00000000d8600000,0x00000000d8b00000)
  to   space 5120K, 0% used [0x00000000d8100000,0x00000000d8100000,0x00000000d8600000)
 ParOldGen       total 86016K, used 0K [0x0000000082200000, 0x0000000087600000, 0x00000000d6100000)
  object space 86016K, 0% used [0x0000000082200000,0x0000000082200000,0x0000000087600000)
 Metaspace       used 766K, capacity 4480K, committed 4480K, reserved 1056768K
  class space    used 75K, capacity 384K, committed 384K, reserved 1048576K

Card table byte_map: [0x0000000012720000,0x0000000012b10000] byte_map_base: 0x000000001230f000

Marking Bits: (ParMarkBitMap*) 0x00000000659d4040
 Begin Bits: [0x00000000135b0000, 0x0000000015528000)
 End Bits:   [0x0000000015528000, 0x00000000174a0000)

Polling page: 0x00000000014d0000

CodeCache: size=245760Kb used=328Kb max_used=328Kb free=245431Kb
 bounds [0x0000000003360000, 0x00000000035d0000, 0x0000000012360000]
 total_blobs=57 nmethods=0 adapters=37
 compilation: enabled

Compilation events (0 events):
No events

GC Heap History (0 events):
No events

Deoptimization events (0 events):
No events

Internal exceptions (0 events):
No events

Events (10 events):
Event: 0.027 loading class java/lang/Short
Event: 0.027 loading class java/lang/Short done
Event: 0.027 loading class java/lang/Integer
Event: 0.028 loading class java/lang/Integer done
Event: 0.028 loading class java/lang/Long
Event: 0.028 loading class java/lang/Long done
Event: 0.028 loading class java/lang/NullPointerException
Event: 0.028 loading class java/lang/NullPointerException done
Event: 0.028 loading class java/lang/ArithmeticException
Event: 0.028 loading class java/lang/ArithmeticException done


Dynamic libraries:
0x00007ff681530000 - 0x00007ff681567000 	C:\Program Files\Java\jdk1.8.0_40\jre\bin\java.exe
0x00007ffaabb10000 - 0x00007ffaabcfd000 	C:\WINDOWS\SYSTEM32\ntdll.dll
0x00007ffaa93a0000 - 0x00007ffaa9453000 	C:\WINDOWS\System32\KERNEL32.DLL
0x00007ffaa8550000 - 0x00007ffaa87e3000 	C:\WINDOWS\System32\KERNELBASE.dll
0x00007ffaa9210000 - 0x00007ffaa92b3000 	C:\WINDOWS\System32\ADVAPI32.dll
0x00007ffaa8de0000 - 0x00007ffaa8e7e000 	C:\WINDOWS\System32\msvcrt.dll
0x00007ffaa8d40000 - 0x00007ffaa8dde000 	C:\WINDOWS\System32\sechost.dll
0x00007ffaab510000 - 0x00007ffaab632000 	C:\WINDOWS\System32\RPCRT4.dll
0x00007ffaa9bf0000 - 0x00007ffaa9d87000 	C:\WINDOWS\System32\USER32.dll
0x00007ffaa8c10000 - 0x00007ffaa8c30000 	C:\WINDOWS\System32\win32u.dll
0x00007ffaa9610000 - 0x00007ffaa9639000 	C:\WINDOWS\System32\GDI32.dll
0x00007ffaa87f0000 - 0x00007ffaa898a000 	C:\WINDOWS\System32\gdi32full.dll
0x00007ffaa8990000 - 0x00007ffaa8a30000 	C:\WINDOWS\System32\msvcp_win.dll
0x00007ffaa7c90000 - 0x00007ffaa7d8c000 	C:\WINDOWS\System32\ucrtbase.dll
0x00007ffa9b2b0000 - 0x00007ffa9b529000 	C:\WINDOWS\WinSxS\amd64_microsoft.windows.common-controls_6595b64144ccf1df_6.0.17763.194_none_05b3366207211c42\COMCTL32.dll
0x00007ffaab7b0000 - 0x00007ffaabadd000 	C:\WINDOWS\System32\combase.dll
0x00007ffaa8cc0000 - 0x00007ffaa8d3e000 	C:\WINDOWS\System32\bcryptPrimitives.dll
0x00007ffaa9370000 - 0x00007ffaa939e000 	C:\WINDOWS\System32\IMM32.DLL
0x00000000650f0000 - 0x00000000651c2000 	C:\Program Files\Java\jdk1.8.0_40\jre\bin\msvcr100.dll
0x00000000651d0000 - 0x0000000065a53000 	C:\Program Files\Java\jdk1.8.0_40\jre\bin\server\jvm.dll
0x00007ffaa8e80000 - 0x00007ffaa8e88000 	C:\WINDOWS\System32\PSAPI.DLL
0x00007ffaa12a0000 - 0x00007ffaa12c4000 	C:\WINDOWS\SYSTEM32\WINMM.dll
0x00007ffaa66f0000 - 0x00007ffaa66f9000 	C:\WINDOWS\SYSTEM32\WSOCK32.dll
0x00007ffaa2990000 - 0x00007ffaa299a000 	C:\WINDOWS\SYSTEM32\VERSION.dll
0x00007ffaa9ac0000 - 0x00007ffaa9b2d000 	C:\WINDOWS\System32\WS2_32.dll
0x00007ffaa1170000 - 0x00007ffaa119d000 	C:\WINDOWS\SYSTEM32\winmmbase.dll
0x00007ffaa8500000 - 0x00007ffaa854a000 	C:\WINDOWS\System32\cfgmgr32.dll
0x0000000066aa0000 - 0x0000000066aaf000 	C:\Program Files\Java\jdk1.8.0_40\jre\bin\verify.dll
0x0000000065080000 - 0x00000000650a9000 	C:\Program Files\Java\jdk1.8.0_40\jre\bin\java.dll
0x0000000065060000 - 0x0000000065076000 	C:\Program Files\Java\jdk1.8.0_40\jre\bin\zip.dll
0x00007ffaa64d0000 - 0x00007ffaa66bd000 	C:\WINDOWS\SYSTEM32\dbghelp.dll

VM Arguments:
java_command: org.netbeans.modules.web.project.ant.JspCSingle -uriroot D:\Develop Project\NetBeans\CV-WOW\build\web -d D:\Develop Project\NetBeans\CV-WOW\build\generated\src -die1 -schemas /resources/schemas/ -dtds /resources/dtds/ -sysClasspath D:\Program Data\NetBeans 8.2\extide\ant\lib\ant.jar;D:\Program Data\NetBeans 8.2\enterprise\modules\ext\servlet3.1-jsp2.3-api.jar;D:\Program Data\NetBeans 8.2\enterprise\modules\ext\glassfish-jspparser-4.0.jar;D:\Program Data\NetBeans 8.2\enterprise\modules\ext\jstl-impl.jar;D:\Program Data\NetBeans 8.2\enterprise\modules\ext\jsf-2_2\javax.faces.jar -jspc.files D:\Develop Project\NetBeans\CV-WOW\build\web\Partials\User\cvView.jsp -compilerSourceVM 1.8 -compilerTargetVM 1.8 -javaEncoding UTF-8
java_class_path (initial): C:\Program Files\Java\jdk1.8.0_40\lib\tools.jar;D:\Program Data\NetBeans 8.2\enterprise\ant\extra\jspcompile.jar;D:\Program Data\NetBeans 8.2\extide\ant\lib\ant.jar;D:\Program Data\NetBeans 8.2\enterprise\modules\ext\servlet3.1-jsp2.3-api.jar;D:\Program Data\NetBeans 8.2\enterprise\modules\ext\glassfish-jspparser-4.0.jar;D:\Program Data\NetBeans 8.2\enterprise\modules\ext\jsf-2_2\javax.faces.jar;D:\Program Data\NetBeans 8.2\enterprise\modules\ext\jstl-api.jar;D:\Program Data\NetBeans 8.2\extide\ant\lib\ant-launcher.jar
Launcher Type: SUN_STANDARD

Environment Variables:
PATH=C:\oraclexe\app\oracle\product\11.2.0\server\bin;;C:\ProgramData\Oracle\Java\javapath;C:\Program Files (x86)\Intel\iCLS Client\;C:\Program Files\Intel\iCLS Client\;C:\Windows\system32;C:\Windows;C:\Windows\System32\Wbem;C:\Windows\System32\WindowsPowerShell\v1.0\;C:\Program Files (x86)\NVIDIA Corporation\PhysX\Common;C:\Program Files (x86)\Intel\Intel(R) Management Engine Components\DAL;C:\Program Files\Intel\Intel(R) Management Engine Components\DAL;C:\Program Files (x86)\Intel\Intel(R) Management Engine Components\IPT;C:\Program Files\Intel\Intel(R) Management Engine Components\IPT;C:\Program Files (x86)\GtkSharp\2.12\bin;C:\WINDOWS\system32;C:\WINDOWS;C:\WINDOWS\System32\Wbem;C:\WINDOWS\System32\WindowsPowerShell\v1.0\;C:\Program Files\Intel\WiFi\bin\;C:\Program Files\Common Files\Intel\WirelessCommon\;C:\Program Files\Microsoft\Web Platform Installer\;C:\Program Files\dotnet\;C:\Program Files\Microsoft SQL Server\130\Tools\Binn\;C:\Program Files\Microsoft SQL Server\120\DTS\Binn\;C:\Program Files\Microsoft SQL Server\Client SDK\ODBC\110\Tools\Binn\;C:\Program Files (x86)\Microsoft SQL Server\120\Tools\Binn\;C:\Program Files\Microsoft SQL Server\120\Tools\Binn\;C:\Program Files (x86)\Microsoft SQL Server\120\Tools\Binn\ManagementStudio\;C:\Program Files (x86)\Microsoft SQL Server\120\DTS\Binn\;C:\Program Files (x86)\Microsoft Visual Studio 12.0\Common7\IDE\PrivateAssemblies\;C:\WINDOWS\System32\OpenSSH\;C:\Users\Nitani\.dnx\bin;C:\Users\Nitani\AppData\Local\Microsoft\WindowsApps;D:\Program Data\Microsoft VS Code\bin;C:\Users\Nitani\AppData\Local\GitHubDesktop\bin
USERNAME=Nitani
OS=Windows_NT
PROCESSOR_IDENTIFIER=Intel64 Family 6 Model 94 Stepping 3, GenuineIntel



---------------  S Y S T E M  ---------------

OS: Windows 10.0 , 64 bit Build 17763 (10.0.17763.1)

CPU:total 8 (4 cores per cpu, 2 threads per core) family 6 model 94 stepping 3, cmov, cx8, fxsr, mmx, sse, sse2, sse3, ssse3, sse4.1, sse4.2, popcnt, avx, avx2, aes, clmul, erms, rtm, 3dnowpref, lzcnt, ht, tsc, tscinvbit, bmi1, bmi2, adx

Memory: 4k page, physical 8248964k(1121724k free), swap 11224708k(5120k free)

vm_info: Java HotSpot(TM) 64-Bit Server VM (25.40-b25) for windows-amd64 JRE (1.8.0_40-b26), built on Mar  7 2015 13:51:59 by "java_re" with MS VC++ 10.0 (VS2010)

time: Tue Dec 18 13:32:52 2018
elapsed time: 0 seconds (0d 0h 0m 0s)

