#
# There is insufficient memory for the Java Runtime Environment to continue.
# Native memory allocation (malloc) failed to allocate 1048576 bytes for AllocateHeap
# Possible reasons:
#   The system is out of physical RAM or swap space
#   In 32 bit mode, the process size limit was hit
# Possible solutions:
#   Reduce memory load on the system
#   Increase physical memory or swap space
#   Check if swap backing store is full
#   Use 64 bit Java on a 64 bit OS
#   Decrease Java heap size (-Xmx/-Xms)
#   Decrease number of Java threads
#   Decrease Java thread stack sizes (-Xss)
#   Set larger code cache with -XX:ReservedCodeCacheSize=
# This output file may be truncated or incomplete.
#
#  Out of Memory Error (memory/allocation.inline.hpp:61), pid=4400, tid=6772
#
# JRE version:  (8.0_40-b26) (build )
# Java VM: Java HotSpot(TM) 64-Bit Server VM (25.40-b25 mixed mode windows-amd64 compressed oops)
# Failed to write core dump. Minidumps are not enabled by default on client versions of Windows
#

---------------  T H R E A D  ---------------

Current thread (0x00000000030ee000):  JavaThread "Unknown thread" [_thread_in_vm, id=6772, stack(0x00000000031a0000,0x00000000032a0000)]

Stack: [0x00000000031a0000,0x00000000032a0000]
Native frames: (J=compiled Java code, j=interpreted, Vv=VM code, C=native code)
V  [jvm.dll+0x32b47a]
V  [jvm.dll+0x2797f3]
V  [jvm.dll+0x27a489]
V  [jvm.dll+0x2717a5]
V  [jvm.dll+0x1606]
V  [jvm.dll+0x270812]
V  [jvm.dll+0x3eeb5a]
V  [jvm.dll+0x3ea707]
V  [jvm.dll+0xf2c12]
V  [jvm.dll+0x20f139]
V  [jvm.dll+0x240d9a]
V  [jvm.dll+0x15b941]
C  [java.exe+0x216e]
C  [java.exe+0xcce7]
C  [java.exe+0xcd7b]
C  [KERNEL32.DLL+0x17e94]
C  [ntdll.dll+0x6a251]


---------------  P R O C E S S  ---------------

Java Threads: ( => current thread )

Other Threads:

=>0x00000000030ee000 (exited) JavaThread "Unknown thread" [_thread_in_vm, id=6772, stack(0x00000000031a0000,0x00000000032a0000)]

VM state:not at safepoint (normal execution)

VM Mutex/Monitor currently owned by a thread: None

Heap:
 PSYoungGen      total 37888K, used 655K [0x00000000d6100000, 0x00000000d8b00000, 0x0000000100000000)
  eden space 32768K, 2% used [0x00000000d6100000,0x00000000d61a3d80,0x00000000d8100000)
  from space 5120K, 0% used [0x00000000d8600000,0x00000000d8600000,0x00000000d8b00000)
  to   space 5120K, 0% used [0x00000000d8100000,0x00000000d8100000,0x00000000d8600000)
 ParOldGen       total 86016K, used 0K [0x0000000082200000, 0x0000000087600000, 0x00000000d6100000)
  object space 86016K, 0% used [0x0000000082200000,0x0000000082200000,0x0000000087600000)
 Metaspace       used 766K, capacity 4480K, committed 4480K, reserved 1056768K
  class space    used 75K, capacity 384K, committed 384K, reserved 1048576K

Card table byte_map: [0x0000000012760000,0x0000000012b50000] byte_map_base: 0x000000001234f000

Marking Bits: (ParMarkBitMap*) 0x000000006edd4040
 Begin Bits: [0x00000000135f0000, 0x0000000015568000)
 End Bits:   [0x0000000015568000, 0x00000000174e0000)

Polling page: 0x00000000030a0000

CodeCache: size=245760Kb used=328Kb max_used=328Kb free=245431Kb
 bounds [0x00000000033a0000, 0x0000000003610000, 0x00000000123a0000]
 total_blobs=57 nmethods=0 adapters=37
 compilation: enabled

Compilation events (0 events):
No events

GC Heap History (0 events):
No events

Deoptimization events (0 events):
No events

Internal exceptions (0 events):
No events

Events (10 events):
Event: 0.025 loading class java/lang/Short
Event: 0.026 loading class java/lang/Short done
Event: 0.026 loading class java/lang/Integer
Event: 0.026 loading class java/lang/Integer done
Event: 0.026 loading class java/lang/Long
Event: 0.026 loading class java/lang/Long done
Event: 0.026 loading class java/lang/NullPointerException
Event: 0.026 loading class java/lang/NullPointerException done
Event: 0.026 loading class java/lang/ArithmeticException
Event: 0.026 loading class java/lang/ArithmeticException done


Dynamic libraries:
0x00007ff6d89c0000 - 0x00007ff6d89f7000 	C:\Program Files\Java\jdk1.8.0_40\jre\bin\java.exe
0x00007ffc624c0000 - 0x00007ffc626ad000 	C:\WINDOWS\SYSTEM32\ntdll.dll
0x00007ffc61fc0000 - 0x00007ffc62073000 	C:\WINDOWS\System32\KERNEL32.DLL
0x00007ffc5e730000 - 0x00007ffc5e9c3000 	C:\WINDOWS\System32\KERNELBASE.dll
0x00007ffc62080000 - 0x00007ffc62123000 	C:\WINDOWS\System32\ADVAPI32.dll
0x00007ffc62130000 - 0x00007ffc621ce000 	C:\WINDOWS\System32\msvcrt.dll
0x00007ffc5f6f0000 - 0x00007ffc5f78e000 	C:\WINDOWS\System32\sechost.dll
0x00007ffc5f8d0000 - 0x00007ffc5f9f2000 	C:\WINDOWS\System32\RPCRT4.dll
0x00007ffc5ffb0000 - 0x00007ffc60147000 	C:\WINDOWS\System32\USER32.dll
0x00007ffc5f390000 - 0x00007ffc5f3b0000 	C:\WINDOWS\System32\win32u.dll
0x00007ffc62460000 - 0x00007ffc62489000 	C:\WINDOWS\System32\GDI32.dll
0x00007ffc5f550000 - 0x00007ffc5f6ea000 	C:\WINDOWS\System32\gdi32full.dll
0x00007ffc5f4b0000 - 0x00007ffc5f550000 	C:\WINDOWS\System32\msvcp_win.dll
0x00007ffc5f3b0000 - 0x00007ffc5f4ac000 	C:\WINDOWS\System32\ucrtbase.dll
0x00007ffc51d60000 - 0x00007ffc51fd9000 	C:\WINDOWS\WinSxS\amd64_microsoft.windows.common-controls_6595b64144ccf1df_6.0.17763.194_none_05b3366207211c42\COMCTL32.dll
0x00007ffc61c20000 - 0x00007ffc61f4d000 	C:\WINDOWS\System32\combase.dll
0x00007ffc5e6b0000 - 0x00007ffc5e72e000 	C:\WINDOWS\System32\bcryptPrimitives.dll
0x00007ffc5fac0000 - 0x00007ffc5faee000 	C:\WINDOWS\System32\IMM32.DLL
0x000000006e4f0000 - 0x000000006e5c2000 	C:\Program Files\Java\jdk1.8.0_40\jre\bin\msvcr100.dll
0x000000006e5d0000 - 0x000000006ee53000 	C:\Program Files\Java\jdk1.8.0_40\jre\bin\server\jvm.dll
0x00007ffc61770000 - 0x00007ffc61778000 	C:\WINDOWS\System32\PSAPI.DLL
0x00007ffc5d0a0000 - 0x00007ffc5d0a9000 	C:\WINDOWS\SYSTEM32\WSOCK32.dll
0x00007ffc599b0000 - 0x00007ffc599ba000 	C:\WINDOWS\SYSTEM32\VERSION.dll
0x00007ffc59ad0000 - 0x00007ffc59af4000 	C:\WINDOWS\SYSTEM32\WINMM.dll
0x00007ffc61f50000 - 0x00007ffc61fbd000 	C:\WINDOWS\System32\WS2_32.dll
0x00007ffc59a10000 - 0x00007ffc59a3d000 	C:\WINDOWS\SYSTEM32\winmmbase.dll
0x00007ffc5e590000 - 0x00007ffc5e5da000 	C:\WINDOWS\System32\cfgmgr32.dll
0x000000006e4a0000 - 0x000000006e4af000 	C:\Program Files\Java\jdk1.8.0_40\jre\bin\verify.dll
0x000000006e470000 - 0x000000006e499000 	C:\Program Files\Java\jdk1.8.0_40\jre\bin\java.dll
0x000000006e450000 - 0x000000006e466000 	C:\Program Files\Java\jdk1.8.0_40\jre\bin\zip.dll
0x00007ffc5ce80000 - 0x00007ffc5d06d000 	C:\WINDOWS\SYSTEM32\dbghelp.dll

VM Arguments:
java_command: org.netbeans.modules.web.project.ant.JspCSingle -uriroot D:\Develop Project\NetBeans\CV-WOW\build\web -d D:\Develop Project\NetBeans\CV-WOW\build\generated\src -die1 -schemas /resources/schemas/ -dtds /resources/dtds/ -sysClasspath D:\Program Data\NetBeans 8.2\extide\ant\lib\ant.jar;D:\Program Data\NetBeans 8.2\enterprise\modules\ext\servlet3.1-jsp2.3-api.jar;D:\Program Data\NetBeans 8.2\enterprise\modules\ext\glassfish-jspparser-4.0.jar;D:\Program Data\NetBeans 8.2\enterprise\modules\ext\jstl-impl.jar;D:\Program Data\NetBeans 8.2\enterprise\modules\ext\jsf-2_2\javax.faces.jar -jspc.files D:\Develop Project\NetBeans\CV-WOW\build\web\Partials\User\cvView.jsp -compilerSourceVM 1.8 -compilerTargetVM 1.8 -javaEncoding UTF-8
java_class_path (initial): C:\Program Files\Java\jdk1.8.0_40\lib\tools.jar;D:\Program Data\NetBeans 8.2\enterprise\ant\extra\jspcompile.jar;D:\Program Data\NetBeans 8.2\extide\ant\lib\ant.jar;D:\Program Data\NetBeans 8.2\enterprise\modules\ext\servlet3.1-jsp2.3-api.jar;D:\Program Data\NetBeans 8.2\enterprise\modules\ext\glassfish-jspparser-4.0.jar;D:\Program Data\NetBeans 8.2\enterprise\modules\ext\jsf-2_2\javax.faces.jar;D:\Program Data\NetBeans 8.2\enterprise\modules\ext\jstl-api.jar;D:\Program Data\NetBeans 8.2\extide\ant\lib\ant-launcher.jar
Launcher Type: SUN_STANDARD

Environment Variables:
PATH=C:\oraclexe\app\oracle\product\11.2.0\server\bin;;C:\ProgramData\Oracle\Java\javapath;C:\Program Files (x86)\Intel\iCLS Client\;C:\Program Files\Intel\iCLS Client\;C:\Windows\system32;C:\Windows;C:\Windows\System32\Wbem;C:\Windows\System32\WindowsPowerShell\v1.0\;C:\Program Files (x86)\NVIDIA Corporation\PhysX\Common;C:\Program Files (x86)\Intel\Intel(R) Management Engine Components\DAL;C:\Program Files\Intel\Intel(R) Management Engine Components\DAL;C:\Program Files (x86)\Intel\Intel(R) Management Engine Components\IPT;C:\Program Files\Intel\Intel(R) Management Engine Components\IPT;C:\Program Files (x86)\GtkSharp\2.12\bin;C:\WINDOWS\system32;C:\WINDOWS;C:\WINDOWS\System32\Wbem;C:\WINDOWS\System32\WindowsPowerShell\v1.0\;C:\Program Files\Intel\WiFi\bin\;C:\Program Files\Common Files\Intel\WirelessCommon\;C:\Program Files\Microsoft\Web Platform Installer\;C:\Program Files\dotnet\;C:\Program Files\Microsoft SQL Server\130\Tools\Binn\;C:\Program Files\Microsoft SQL Server\120\DTS\Binn\;C:\Program Files\Microsoft SQL Server\Client SDK\ODBC\110\Tools\Binn\;C:\Program Files (x86)\Microsoft SQL Server\120\Tools\Binn\;C:\Program Files\Microsoft SQL Server\120\Tools\Binn\;C:\Program Files (x86)\Microsoft SQL Server\120\Tools\Binn\ManagementStudio\;C:\Program Files (x86)\Microsoft SQL Server\120\DTS\Binn\;C:\Program Files (x86)\Microsoft Visual Studio 12.0\Common7\IDE\PrivateAssemblies\;C:\WINDOWS\System32\OpenSSH\;C:\Users\Nitani\.dnx\bin;C:\Users\Nitani\AppData\Local\Microsoft\WindowsApps;D:\Program Data\Microsoft VS Code\bin;C:\Users\Nitani\AppData\Local\GitHubDesktop\bin
USERNAME=Nitani
OS=Windows_NT
PROCESSOR_IDENTIFIER=Intel64 Family 6 Model 94 Stepping 3, GenuineIntel



---------------  S Y S T E M  ---------------

OS: Windows 10.0 , 64 bit Build 17763 (10.0.17763.1)

CPU:total 8 (4 cores per cpu, 2 threads per core) family 6 model 94 stepping 3, cmov, cx8, fxsr, mmx, sse, sse2, sse3, ssse3, sse4.1, sse4.2, popcnt, avx, avx2, aes, clmul, erms, rtm, 3dnowpref, lzcnt, ht, tsc, tscinvbit, bmi1, bmi2, adx

Memory: 4k page, physical 8248964k(1349040k free), swap 11224708k(6000k free)

vm_info: Java HotSpot(TM) 64-Bit Server VM (25.40-b25) for windows-amd64 JRE (1.8.0_40-b26), built on Mar  7 2015 13:51:59 by "java_re" with MS VC++ 10.0 (VS2010)

time: Tue Dec 18 03:54:03 2018
elapsed time: 0 seconds (0d 0h 0m 0s)

